<?xml version="1.0" encoding="UTF-8"?>
<!-- Generated by org.testng.reporters.JUnitReportReporter -->
<testsuite skipped="0" hostname="Sumati-PC" name="com.api.rest.api.savingstarproj.TestGetMethod" tests="1" failures="0" timestamp="09 Jun 2017 02:54:16 GMT" time="1.247" errors="0">
  <testcase name="testGetAccountDetails" time="1.247" classname="com.api.rest.api.savingstarproj.TestGetMethod"/>
</testsuite> <!-- com.api.rest.api.savingstarproj.TestGetMethod -->
